<?xml version="1.0" encoding="UTF-8"?>
<!-- Generated by org.testng.reporters.JUnitReportReporter -->
<testsuite skipped="0" hostname="LAPTOP-FJTFK8CC" name="com.inetbanking.testCases.TC_AddCustomer_003" tests="1" failures="0" timestamp="2020-08-18T22:50:44 BST" time="24.973" errors="0">
  <testcase name="addCustomer" time="24.973" classname="com.inetbanking.testCases.TC_AddCustomer_003"/>
  <system-out/>
</testsuite> <!-- com.inetbanking.testCases.TC_AddCustomer_003 -->
