<?xml version="1.0" encoding="UTF-8"?>
<!-- Generated by org.testng.reporters.JUnitReportReporter -->
<testsuite skipped="0" hostname="LAPTOP-FJTFK8CC" name="com.inetbanking.testCases.TC_LoginTest_001" tests="1" failures="0" timestamp="2020-08-18T22:50:44 BST" time="3.897" errors="0">
  <testcase name="loginTest" time="3.897" classname="com.inetbanking.testCases.TC_LoginTest_001"/>
  <system-out/>
</testsuite> <!-- com.inetbanking.testCases.TC_LoginTest_001 -->
